<?xml version="1.0" encoding="UTF-8"?>
<checkstyle version="8.20-SNAPSHOT">
<file name="/home/md/src/contribution/checkstyle-tester/repositories/MaterialDesignLibrary/MaterialDesignDemo/src/com/gc/materialdesigndemo/ui/ProgressActivity.java">
</file>
<file name="/home/md/src/contribution/checkstyle-tester/repositories/MaterialDesignLibrary/MaterialDesignDemo/src/com/gc/materialdesigndemo/ui/MainActivity.java">
<error line="102" column="37" severity="warning" message="No nullness Annotation for parameter definition found!" source="com.github.sevntu.checkstyle.checks.coding.Jsr305AnnotationsCheck"/>
</file>
<file name="/home/md/src/contribution/checkstyle-tester/repositories/MaterialDesignLibrary/MaterialDesignDemo/src/com/gc/materialdesigndemo/ui/SwitchActivity.java">
</file>
<file name="/home/md/src/contribution/checkstyle-tester/repositories/MaterialDesignLibrary/MaterialDesignDemo/src/com/gc/materialdesigndemo/ui/WidgetActivity.java">
</file>
<file name="/home/md/src/contribution/checkstyle-tester/repositories/MaterialDesignLibrary/MaterialDesignDemo/src/com/gc/materialdesigndemo/ui/ButtonsActivity.java">
</file>
<file name="/home/md/src/contribution/checkstyle-tester/repositories/MaterialDesignLibrary/MaterialDesignDemo/gen/com/gc/materialdesigndemo/R.java">
</file>
<file name="/home/md/src/contribution/checkstyle-tester/repositories/MaterialDesignLibrary/MaterialDesignDemo/gen/com/gc/materialdesigndemo/BuildConfig.java">
</file>
<file name="/home/md/src/contribution/checkstyle-tester/repositories/MaterialDesignLibrary/MaterialDesignDemo/gen/com/gc/materialdesign/R.java">
</file>
<file name="/home/md/src/contribution/checkstyle-tester/repositories/MaterialDesignLibrary/MaterialDesign/src/com/gc/materialdesign/views/Slider.java">
<error line="47" column="23" severity="warning" message="No nullness Annotation for parameter definition found!" source="com.github.sevntu.checkstyle.checks.coding.Jsr305AnnotationsCheck"/>
<error line="47" column="40" severity="warning" message="No nullness Annotation for parameter definition found!" source="com.github.sevntu.checkstyle.checks.coding.Jsr305AnnotationsCheck"/>
<error line="53" column="38" severity="warning" message="No nullness Annotation for parameter definition found!" source="com.github.sevntu.checkstyle.checks.coding.Jsr305AnnotationsCheck"/>
<error line="239" column="9" severity="warning" message="Return value must have nullness Annotation (@Nonnull or @CheckForNull)!" source="com.github.sevntu.checkstyle.checks.coding.Jsr305AnnotationsCheck"/>
<error line="244" column="25" severity="warning" message="No nullness Annotation for parameter definition found!" source="com.github.sevntu.checkstyle.checks.coding.Jsr305AnnotationsCheck"/>
<error line="310" column="29" severity="warning" message="No nullness Annotation for parameter definition found!" source="com.github.sevntu.checkstyle.checks.coding.Jsr305AnnotationsCheck"/>
<error line="336" column="40" severity="warning" message="No nullness Annotation for parameter definition found!" source="com.github.sevntu.checkstyle.checks.coding.Jsr305AnnotationsCheck"/>
<error line="393" column="34" severity="warning" message="No nullness Annotation for parameter definition found!" source="com.github.sevntu.checkstyle.checks.coding.Jsr305AnnotationsCheck"/>
</file>
<file name="/home/md/src/contribution/checkstyle-tester/repositories/MaterialDesignLibrary/MaterialDesign/src/com/gc/materialdesign/views/ButtonRectangle.java">
<error line="22" column="32" severity="warning" message="No nullness Annotation for parameter definition found!" source="com.github.sevntu.checkstyle.checks.coding.Jsr305AnnotationsCheck"/>
<error line="22" column="49" severity="warning" message="No nullness Annotation for parameter definition found!" source="com.github.sevntu.checkstyle.checks.coding.Jsr305AnnotationsCheck"/>
<error line="40" column="38" severity="warning" message="No nullness Annotation for parameter definition found!" source="com.github.sevntu.checkstyle.checks.coding.Jsr305AnnotationsCheck"/>
<error line="133" column="29" severity="warning" message="No nullness Annotation for parameter definition found!" source="com.github.sevntu.checkstyle.checks.coding.Jsr305AnnotationsCheck"/>
<error line="145" column="9" severity="warning" message="Return value must have nullness Annotation (@Nonnull or @CheckForNull)!" source="com.github.sevntu.checkstyle.checks.coding.Jsr305AnnotationsCheck"/>
</file>
<file name="/home/md/src/contribution/checkstyle-tester/repositories/MaterialDesignLibrary/MaterialDesign/src/com/gc/materialdesign/views/ButtonFloatSmall.java">
<error line="12" column="33" severity="warning" message="No nullness Annotation for parameter definition found!" source="com.github.sevntu.checkstyle.checks.coding.Jsr305AnnotationsCheck"/>
<error line="12" column="50" severity="warning" message="No nullness Annotation for parameter definition found!" source="com.github.sevntu.checkstyle.checks.coding.Jsr305AnnotationsCheck"/>
</file>
<file name="/home/md/src/contribution/checkstyle-tester/repositories/MaterialDesignLibrary/MaterialDesign/src/com/gc/materialdesign/views/Button.java">
<error line="34" column="23" severity="warning" message="No nullness Annotation for parameter definition found!" source="com.github.sevntu.checkstyle.checks.coding.Jsr305AnnotationsCheck"/>
<error line="34" column="40" severity="warning" message="No nullness Annotation for parameter definition found!" source="com.github.sevntu.checkstyle.checks.coding.Jsr305AnnotationsCheck"/>
<error line="55" column="47" severity="warning" message="No nullness Annotation for parameter definition found!" source="com.github.sevntu.checkstyle.checks.coding.Jsr305AnnotationsCheck"/>
<error line="117" column="9" severity="warning" message="Return value must have nullness Annotation (@Nonnull or @CheckForNull)!" source="com.github.sevntu.checkstyle.checks.coding.Jsr305AnnotationsCheck"/>
<error line="175" column="9" severity="warning" message="Return value must have nullness Annotation (@Nonnull or @CheckForNull)!" source="com.github.sevntu.checkstyle.checks.coding.Jsr305AnnotationsCheck"/>
</file>
<file name="/home/md/src/contribution/checkstyle-tester/repositories/MaterialDesignLibrary/MaterialDesign/src/com/gc/materialdesign/views/ButtonFloat.java">
<error line="43" column="28" severity="warning" message="No nullness Annotation for parameter definition found!" source="com.github.sevntu.checkstyle.checks.coding.Jsr305AnnotationsCheck"/>
<error line="43" column="45" severity="warning" message="No nullness Annotation for parameter definition found!" source="com.github.sevntu.checkstyle.checks.coding.Jsr305AnnotationsCheck"/>
<error line="77" column="38" severity="warning" message="No nullness Annotation for parameter definition found!" source="com.github.sevntu.checkstyle.checks.coding.Jsr305AnnotationsCheck"/>
<error line="140" column="9" severity="warning" message="Return value must have nullness Annotation (@Nonnull or @CheckForNull)!" source="com.github.sevntu.checkstyle.checks.coding.Jsr305AnnotationsCheck"/>
<error line="144" column="29" severity="warning" message="No nullness Annotation for parameter definition found!" source="com.github.sevntu.checkstyle.checks.coding.Jsr305AnnotationsCheck"/>
<error line="148" column="9" severity="warning" message="Return value must have nullness Annotation (@Nonnull or @CheckForNull)!" source="com.github.sevntu.checkstyle.checks.coding.Jsr305AnnotationsCheck"/>
<error line="152" column="37" severity="warning" message="No nullness Annotation for parameter definition found!" source="com.github.sevntu.checkstyle.checks.coding.Jsr305AnnotationsCheck"/>
<error line="161" column="9" severity="warning" message="Return value must have nullness Annotation (@Nonnull or @CheckForNull)!" source="com.github.sevntu.checkstyle.checks.coding.Jsr305AnnotationsCheck"/>
<error line="161" column="34" severity="warning" message="No nullness Annotation for parameter definition found!" source="com.github.sevntu.checkstyle.checks.coding.Jsr305AnnotationsCheck"/>
</file>
<file name="/home/md/src/contribution/checkstyle-tester/repositories/MaterialDesignLibrary/MaterialDesign/src/com/gc/materialdesign/views/ScrollView.java">
<error line="17" column="27" severity="warning" message="No nullness Annotation for parameter definition found!" source="com.github.sevntu.checkstyle.checks.coding.Jsr305AnnotationsCheck"/>
<error line="17" column="44" severity="warning" message="No nullness Annotation for parameter definition found!" source="com.github.sevntu.checkstyle.checks.coding.Jsr305AnnotationsCheck"/>
</file>
<file name="/home/md/src/contribution/checkstyle-tester/repositories/MaterialDesignLibrary/MaterialDesign/src/com/gc/materialdesign/views/LayoutRipple.java">
<error line="26" column="29" severity="warning" message="No nullness Annotation for parameter definition found!" source="com.github.sevntu.checkstyle.checks.coding.Jsr305AnnotationsCheck"/>
<error line="26" column="46" severity="warning" message="No nullness Annotation for parameter definition found!" source="com.github.sevntu.checkstyle.checks.coding.Jsr305AnnotationsCheck"/>
<error line="32" column="38" severity="warning" message="No nullness Annotation for parameter definition found!" source="com.github.sevntu.checkstyle.checks.coding.Jsr305AnnotationsCheck"/>
<error line="136" column="9" severity="warning" message="Return value must have nullness Annotation (@Nonnull or @CheckForNull)!" source="com.github.sevntu.checkstyle.checks.coding.Jsr305AnnotationsCheck"/>
<error line="161" column="31" severity="warning" message="No nullness Annotation for parameter definition found!" source="com.github.sevntu.checkstyle.checks.coding.Jsr305AnnotationsCheck"/>
<error line="195" column="38" severity="warning" message="No nullness Annotation for parameter definition found!" source="com.github.sevntu.checkstyle.checks.coding.Jsr305AnnotationsCheck"/>
<error line="199" column="38" severity="warning" message="No nullness Annotation for parameter definition found!" source="com.github.sevntu.checkstyle.checks.coding.Jsr305AnnotationsCheck"/>
</file>
<file name="/home/md/src/contribution/checkstyle-tester/repositories/MaterialDesignLibrary/MaterialDesign/src/com/gc/materialdesign/views/CustomView.java">
<error line="20" column="27" severity="warning" message="No nullness Annotation for parameter definition found!" source="com.github.sevntu.checkstyle.checks.coding.Jsr305AnnotationsCheck"/>
<error line="20" column="44" severity="warning" message="No nullness Annotation for parameter definition found!" source="com.github.sevntu.checkstyle.checks.coding.Jsr305AnnotationsCheck"/>
</file>
<file name="/home/md/src/contribution/checkstyle-tester/repositories/MaterialDesignLibrary/MaterialDesign/src/com/gc/materialdesign/views/ButtonIcon.java">
<error line="16" column="27" severity="warning" message="No nullness Annotation for parameter definition found!" source="com.github.sevntu.checkstyle.checks.coding.Jsr305AnnotationsCheck"/>
<error line="16" column="44" severity="warning" message="No nullness Annotation for parameter definition found!" source="com.github.sevntu.checkstyle.checks.coding.Jsr305AnnotationsCheck"/>
</file>
<file name="/home/md/src/contribution/checkstyle-tester/repositories/MaterialDesignLibrary/MaterialDesign/src/com/gc/materialdesign/views/CheckBox.java">
<error line="31" column="25" severity="warning" message="No nullness Annotation for parameter definition found!" source="com.github.sevntu.checkstyle.checks.coding.Jsr305AnnotationsCheck"/>
<error line="31" column="42" severity="warning" message="No nullness Annotation for parameter definition found!" source="com.github.sevntu.checkstyle.checks.coding.Jsr305AnnotationsCheck"/>
<error line="37" column="38" severity="warning" message="No nullness Annotation for parameter definition found!" source="com.github.sevntu.checkstyle.checks.coding.Jsr305AnnotationsCheck"/>
<error line="186" column="30" severity="warning" message="No nullness Annotation for parameter definition found!" source="com.github.sevntu.checkstyle.checks.coding.Jsr305AnnotationsCheck"/>
<error line="232" column="40" severity="warning" message="No nullness Annotation for parameter definition found!" source="com.github.sevntu.checkstyle.checks.coding.Jsr305AnnotationsCheck"/>
</file>
<file name="/home/md/src/contribution/checkstyle-tester/repositories/MaterialDesignLibrary/MaterialDesign/src/com/gc/materialdesign/views/ProgressBarIndeterminate.java">
<error line="16" column="41" severity="warning" message="No nullness Annotation for parameter definition found!" source="com.github.sevntu.checkstyle.checks.coding.Jsr305AnnotationsCheck"/>
<error line="16" column="58" severity="warning" message="No nullness Annotation for parameter definition found!" source="com.github.sevntu.checkstyle.checks.coding.Jsr305AnnotationsCheck"/>
<error line="35" column="68" severity="warning" message="No nullness Annotation for parameter definition found!" source="com.github.sevntu.checkstyle.checks.coding.Jsr305AnnotationsCheck"/>
<error line="47" column="70" severity="warning" message="No nullness Annotation for parameter definition found!" source="com.github.sevntu.checkstyle.checks.coding.Jsr305AnnotationsCheck"/>
<error line="48" column="71" severity="warning" message="No nullness Annotation for parameter definition found!" source="com.github.sevntu.checkstyle.checks.coding.Jsr305AnnotationsCheck"/>
<error line="49" column="71" severity="warning" message="No nullness Annotation for parameter definition found!" source="com.github.sevntu.checkstyle.checks.coding.Jsr305AnnotationsCheck"/>
</file>
<file name="/home/md/src/contribution/checkstyle-tester/repositories/MaterialDesignLibrary/MaterialDesign/src/com/gc/materialdesign/views/ProgressBarIndeterminateDeterminate.java">
<error line="19" column="52" severity="warning" message="No nullness Annotation for parameter definition found!" source="com.github.sevntu.checkstyle.checks.coding.Jsr305AnnotationsCheck"/>
<error line="19" column="69" severity="warning" message="No nullness Annotation for parameter definition found!" source="com.github.sevntu.checkstyle.checks.coding.Jsr305AnnotationsCheck"/>
<error line="37" column="68" severity="warning" message="No nullness Annotation for parameter definition found!" source="com.github.sevntu.checkstyle.checks.coding.Jsr305AnnotationsCheck"/>
<error line="51" column="70" severity="warning" message="No nullness Annotation for parameter definition found!" source="com.github.sevntu.checkstyle.checks.coding.Jsr305AnnotationsCheck"/>
<error line="52" column="71" severity="warning" message="No nullness Annotation for parameter definition found!" source="com.github.sevntu.checkstyle.checks.coding.Jsr305AnnotationsCheck"/>
<error line="53" column="71" severity="warning" message="No nullness Annotation for parameter definition found!" source="com.github.sevntu.checkstyle.checks.coding.Jsr305AnnotationsCheck"/>
</file>
<file name="/home/md/src/contribution/checkstyle-tester/repositories/MaterialDesignLibrary/MaterialDesign/src/com/gc/materialdesign/views/Switch.java">
<error line="34" column="23" severity="warning" message="No nullness Annotation for parameter definition found!" source="com.github.sevntu.checkstyle.checks.coding.Jsr305AnnotationsCheck"/>
<error line="34" column="40" severity="warning" message="No nullness Annotation for parameter definition found!" source="com.github.sevntu.checkstyle.checks.coding.Jsr305AnnotationsCheck"/>
<error line="50" column="38" severity="warning" message="No nullness Annotation for parameter definition found!" source="com.github.sevntu.checkstyle.checks.coding.Jsr305AnnotationsCheck"/>
<error line="209" column="29" severity="warning" message="No nullness Annotation for parameter definition found!" source="com.github.sevntu.checkstyle.checks.coding.Jsr305AnnotationsCheck"/>
<error line="241" column="40" severity="warning" message="No nullness Annotation for parameter definition found!" source="com.github.sevntu.checkstyle.checks.coding.Jsr305AnnotationsCheck"/>
</file>
<file name="/home/md/src/contribution/checkstyle-tester/repositories/MaterialDesignLibrary/MaterialDesign/src/com/gc/materialdesign/views/ProgressBarCircularIndeterminate.java">
<error line="23" column="49" severity="warning" message="No nullness Annotation for parameter definition found!" source="com.github.sevntu.checkstyle.checks.coding.Jsr305AnnotationsCheck"/>
<error line="23" column="66" severity="warning" message="No nullness Annotation for parameter definition found!" source="com.github.sevntu.checkstyle.checks.coding.Jsr305AnnotationsCheck"/>
<error line="30" column="46" severity="warning" message="No nullness Annotation for parameter definition found!" source="com.github.sevntu.checkstyle.checks.coding.Jsr305AnnotationsCheck"/>
<error line="88" column="41" severity="warning" message="No nullness Annotation for parameter definition found!" source="com.github.sevntu.checkstyle.checks.coding.Jsr305AnnotationsCheck"/>
<error line="128" column="42" severity="warning" message="No nullness Annotation for parameter definition found!" source="com.github.sevntu.checkstyle.checks.coding.Jsr305AnnotationsCheck"/>
</file>
<file name="/home/md/src/contribution/checkstyle-tester/repositories/MaterialDesignLibrary/MaterialDesign/src/com/gc/materialdesign/views/Card.java">
<error line="34" column="21" severity="warning" message="No nullness Annotation for parameter definition found!" source="com.github.sevntu.checkstyle.checks.coding.Jsr305AnnotationsCheck"/>
<error line="34" column="38" severity="warning" message="No nullness Annotation for parameter definition found!" source="com.github.sevntu.checkstyle.checks.coding.Jsr305AnnotationsCheck"/>
<error line="41" column="38" severity="warning" message="No nullness Annotation for parameter definition found!" source="com.github.sevntu.checkstyle.checks.coding.Jsr305AnnotationsCheck"/>
</file>
<file name="/home/md/src/contribution/checkstyle-tester/repositories/MaterialDesignLibrary/MaterialDesign/src/com/gc/materialdesign/views/ButtonFlat.java">
<error line="19" column="27" severity="warning" message="No nullness Annotation for parameter definition found!" source="com.github.sevntu.checkstyle.checks.coding.Jsr305AnnotationsCheck"/>
<error line="19" column="44" severity="warning" message="No nullness Annotation for parameter definition found!" source="com.github.sevntu.checkstyle.checks.coding.Jsr305AnnotationsCheck"/>
<error line="99" column="29" severity="warning" message="No nullness Annotation for parameter definition found!" source="com.github.sevntu.checkstyle.checks.coding.Jsr305AnnotationsCheck"/>
<error line="116" column="9" severity="warning" message="Return value must have nullness Annotation (@Nonnull or @CheckForNull)!" source="com.github.sevntu.checkstyle.checks.coding.Jsr305AnnotationsCheck"/>
</file>
<file name="/home/md/src/contribution/checkstyle-tester/repositories/MaterialDesignLibrary/MaterialDesign/src/com/gc/materialdesign/views/ProgressBarDeterminate.java">
<error line="27" column="39" severity="warning" message="No nullness Annotation for parameter definition found!" source="com.github.sevntu.checkstyle.checks.coding.Jsr305AnnotationsCheck"/>
<error line="27" column="56" severity="warning" message="No nullness Annotation for parameter definition found!" source="com.github.sevntu.checkstyle.checks.coding.Jsr305AnnotationsCheck"/>
<error line="33" column="46" severity="warning" message="No nullness Annotation for parameter definition found!" source="com.github.sevntu.checkstyle.checks.coding.Jsr305AnnotationsCheck"/>
</file>
<file name="/home/md/src/contribution/checkstyle-tester/repositories/MaterialDesignLibrary/MaterialDesign/src/com/gc/materialdesign/widgets/ColorSelector.java">
<error line="33" column="30" severity="warning" message="No nullness Annotation for parameter definition found!" source="com.github.sevntu.checkstyle.checks.coding.Jsr305AnnotationsCheck"/>
<error line="33" column="46" severity="warning" message="No nullness Annotation for parameter definition found!" source="com.github.sevntu.checkstyle.checks.coding.Jsr305AnnotationsCheck"/>
<error line="33" column="61" severity="warning" message="No nullness Annotation for parameter definition found!" source="com.github.sevntu.checkstyle.checks.coding.Jsr305AnnotationsCheck"/>
</file>
<file name="/home/md/src/contribution/checkstyle-tester/repositories/MaterialDesignLibrary/MaterialDesign/src/com/gc/materialdesign/widgets/SnackBar.java">
<error line="39" column="25" severity="warning" message="No nullness Annotation for parameter definition found!" source="com.github.sevntu.checkstyle.checks.coding.Jsr305AnnotationsCheck"/>
<error line="39" column="44" severity="warning" message="No nullness Annotation for parameter definition found!" source="com.github.sevntu.checkstyle.checks.coding.Jsr305AnnotationsCheck"/>
<error line="39" column="57" severity="warning" message="No nullness Annotation for parameter definition found!" source="com.github.sevntu.checkstyle.checks.coding.Jsr305AnnotationsCheck"/>
<error line="39" column="80" severity="warning" message="No nullness Annotation for parameter definition found!" source="com.github.sevntu.checkstyle.checks.coding.Jsr305AnnotationsCheck"/>
<error line="48" column="25" severity="warning" message="No nullness Annotation for parameter definition found!" source="com.github.sevntu.checkstyle.checks.coding.Jsr305AnnotationsCheck"/>
<error line="48" column="44" severity="warning" message="No nullness Annotation for parameter definition found!" source="com.github.sevntu.checkstyle.checks.coding.Jsr305AnnotationsCheck"/>
<error line="209" column="39" severity="warning" message="No nullness Annotation for parameter definition found!" source="com.github.sevntu.checkstyle.checks.coding.Jsr305AnnotationsCheck"/>
</file>
<file name="/home/md/src/contribution/checkstyle-tester/repositories/MaterialDesignLibrary/MaterialDesign/src/com/gc/materialdesign/widgets/ProgressDialog.java">
<error line="29" column="31" severity="warning" message="No nullness Annotation for parameter definition found!" source="com.github.sevntu.checkstyle.checks.coding.Jsr305AnnotationsCheck"/>
<error line="29" column="47" severity="warning" message="No nullness Annotation for parameter definition found!" source="com.github.sevntu.checkstyle.checks.coding.Jsr305AnnotationsCheck"/>
<error line="35" column="31" severity="warning" message="No nullness Annotation for parameter definition found!" source="com.github.sevntu.checkstyle.checks.coding.Jsr305AnnotationsCheck"/>
<error line="35" column="47" severity="warning" message="No nullness Annotation for parameter definition found!" source="com.github.sevntu.checkstyle.checks.coding.Jsr305AnnotationsCheck"/>
<error line="85" column="9" severity="warning" message="Return value must have nullness Annotation (@Nonnull or @CheckForNull)!" source="com.github.sevntu.checkstyle.checks.coding.Jsr305AnnotationsCheck"/>
<error line="89" column="30" severity="warning" message="No nullness Annotation for parameter definition found!" source="com.github.sevntu.checkstyle.checks.coding.Jsr305AnnotationsCheck"/>
<error line="99" column="9" severity="warning" message="Return value must have nullness Annotation (@Nonnull or @CheckForNull)!" source="com.github.sevntu.checkstyle.checks.coding.Jsr305AnnotationsCheck"/>
<error line="103" column="38" severity="warning" message="No nullness Annotation for parameter definition found!" source="com.github.sevntu.checkstyle.checks.coding.Jsr305AnnotationsCheck"/>
</file>
<file name="/home/md/src/contribution/checkstyle-tester/repositories/MaterialDesignLibrary/MaterialDesign/src/com/gc/materialdesign/widgets/Dialog.java">
<error line="35" column="23" severity="warning" message="No nullness Annotation for parameter definition found!" source="com.github.sevntu.checkstyle.checks.coding.Jsr305AnnotationsCheck"/>
<error line="35" column="39" severity="warning" message="No nullness Annotation for parameter definition found!" source="com.github.sevntu.checkstyle.checks.coding.Jsr305AnnotationsCheck"/>
<error line="35" column="53" severity="warning" message="No nullness Annotation for parameter definition found!" source="com.github.sevntu.checkstyle.checks.coding.Jsr305AnnotationsCheck"/>
<error line="102" column="9" severity="warning" message="Return value must have nullness Annotation (@Nonnull or @CheckForNull)!" source="com.github.sevntu.checkstyle.checks.coding.Jsr305AnnotationsCheck"/>
<error line="106" column="32" severity="warning" message="No nullness Annotation for parameter definition found!" source="com.github.sevntu.checkstyle.checks.coding.Jsr305AnnotationsCheck"/>
<error line="111" column="9" severity="warning" message="Return value must have nullness Annotation (@Nonnull or @CheckForNull)!" source="com.github.sevntu.checkstyle.checks.coding.Jsr305AnnotationsCheck"/>
<error line="115" column="40" severity="warning" message="No nullness Annotation for parameter definition found!" source="com.github.sevntu.checkstyle.checks.coding.Jsr305AnnotationsCheck"/>
<error line="119" column="9" severity="warning" message="Return value must have nullness Annotation (@Nonnull or @CheckForNull)!" source="com.github.sevntu.checkstyle.checks.coding.Jsr305AnnotationsCheck"/>
<error line="123" column="30" severity="warning" message="No nullness Annotation for parameter definition found!" source="com.github.sevntu.checkstyle.checks.coding.Jsr305AnnotationsCheck"/>
<error line="133" column="9" severity="warning" message="Return value must have nullness Annotation (@Nonnull or @CheckForNull)!" source="com.github.sevntu.checkstyle.checks.coding.Jsr305AnnotationsCheck"/>
<error line="137" column="38" severity="warning" message="No nullness Annotation for parameter definition found!" source="com.github.sevntu.checkstyle.checks.coding.Jsr305AnnotationsCheck"/>
<error line="141" column="9" severity="warning" message="Return value must have nullness Annotation (@Nonnull or @CheckForNull)!" source="com.github.sevntu.checkstyle.checks.coding.Jsr305AnnotationsCheck"/>
<error line="145" column="37" severity="warning" message="No nullness Annotation for parameter definition found!" source="com.github.sevntu.checkstyle.checks.coding.Jsr305AnnotationsCheck"/>
<error line="149" column="9" severity="warning" message="Return value must have nullness Annotation (@Nonnull or @CheckForNull)!" source="com.github.sevntu.checkstyle.checks.coding.Jsr305AnnotationsCheck"/>
<error line="153" column="37" severity="warning" message="No nullness Annotation for parameter definition found!" source="com.github.sevntu.checkstyle.checks.coding.Jsr305AnnotationsCheck"/>
<error line="158" column="29" severity="warning" message="No nullness Annotation for parameter definition found!" source="com.github.sevntu.checkstyle.checks.coding.Jsr305AnnotationsCheck"/>
<error line="165" column="29" severity="warning" message="No nullness Annotation for parameter definition found!" source="com.github.sevntu.checkstyle.checks.coding.Jsr305AnnotationsCheck"/>
</file>
<file name="/home/md/src/contribution/checkstyle-tester/repositories/MaterialDesignLibrary/MaterialDesign/src/com/gc/materialdesign/utils/Utils.java">
<error line="13" column="44" severity="warning" message="No nullness Annotation for parameter definition found!" source="com.github.sevntu.checkstyle.checks.coding.Jsr305AnnotationsCheck"/>
<error line="18" column="42" severity="warning" message="No nullness Annotation for parameter definition found!" source="com.github.sevntu.checkstyle.checks.coding.Jsr305AnnotationsCheck"/>
<error line="26" column="43" severity="warning" message="No nullness Annotation for parameter definition found!" source="com.github.sevntu.checkstyle.checks.coding.Jsr305AnnotationsCheck"/>
</file>
</checkstyle>
